<?xml version="1.0" encoding="UTF-8"?>
<testng-results skipped="0" failed="0" ignored="0" total="1" passed="1">
  <reporter-output>
  </reporter-output>
  <suite name="Default suite" duration-ms="11938" started-at="2017-02-28T12:10:10Z" finished-at="2017-02-28T12:10:22Z">
    <groups>
    </groups>
    <test name="Default test" duration-ms="11938" started-at="2017-02-28T12:10:10Z" finished-at="2017-02-28T12:10:22Z">
      <class name="com.vodafone.nav.TestDemo">
        <test-method status="PASS" signature="navigation()[pri:0, instance:com.vodafone.nav.TestDemo@66d3eec0]" name="navigation" duration-ms="11912" started-at="2017-03-01T01:10:10Z" finished-at="2017-03-01T01:10:22Z">
          <reporter-output>
          </reporter-output>
        </test-method> <!-- navigation -->
      </class> <!-- com.vodafone.nav.TestDemo -->
    </test> <!-- Default test -->
  </suite> <!-- Default suite -->
</testng-results>
